[38;5;112m[Appium][0m Welcome to Appium v2.11.3
[38;5;112m[Appium][0m Non-default server args:
[38;5;112m[Appium][0m { basePath: [32m'/wd/hub'[39m, loglevel: [32m'info'[39m, port: [33m55165[39m }
[38;5;112m[Appium][0m Attempting to load driver uiautomator2...
[38;5;112m[Appium][0m Appium REST http interface listener started on http://0.0.0.0:55165/wd/hub
[38;5;112m[Appium][0m You can provide the following URLs in your client code to connect to this server:
	http://192.168.1.6:55165/wd/hub
	http://127.0.0.1:55165/wd/hub (only accessible from the same host)
[38;5;112m[Appium][0m Available drivers:
[38;5;112m[Appium][0m   - uiautomator2@3.7.6 (automationName 'UiAutomator2')
[38;5;112m[Appium][0m Available plugins:
[38;5;112m[Appium][0m   - element-wait@3.0.2
[38;5;112m[Appium][0m No plugins activated. Use the --use-plugins flag with names of plugins to activate
[38;5;86m[HTTP][0m [37m-->[39m [37mGET[39m [37m/wd/hub/status[39m [90m{}[39m
[38;5;86m[HTTP][0m [37m<-- GET /wd/hub/status [39m[32m200[39m [90m6 ms - 111[39m [90m[39m
[38;5;86m[HTTP][0m [37m-->[39m [37mGET[39m [37m/wd/hub/status[39m [90m{}[39m
[38;5;86m[HTTP][0m [37m<-- GET /wd/hub/status [39m[32m200[39m [90m1 ms - 111[39m [90m[39m
[38;5;86m[HTTP][0m [37m-->[39m [37mPOST[39m [37m/wd/hub/session[39m [90m{"desiredCapabilities":{"appium:systemPort":8281,"appium:udid":"emulator-5554","appium:autoGrantPermissions":true,"appium:newCommandTimeout":1800,"appium:platformName":"ANDROID","appium:appActivity":".Settings","appium:deviceName":"emulator-5554 (sdk_gphone64_x86_64 - Android 15)","platformName":"Android","appium:automationName":"uiautomator2","appium:platformVersion":"15","appium:appPackage":"com.android.settings"},"capabilities":{"firstMatch":[{"appium:appActivity":".Settings","appium:appPackage":"com.android.settings","appium:autoGrantPermissions":true,"appium:automationName":"uiautomator2","appium:deviceName":"emulator-5554 (sdk_gphone64_x86_64 - Android 15)","appium:newCommandTimeout":1800,"appium:platformName":"ANDROID","appium:platformVersion":"15","appium:systemPort":8281,"appium:udid":"emulator-5554","platformName":"android"}]}}[39m
[38;5;123m[BaseDriver][0m Ignoring capability 'appium:platformName=ANDROID' and using capability 'platformName=android'
[38;5;123m[BaseDriver][0m The capabilities ["platformName"] are standard capabilities and do not require "appium:" prefix
[38;5;112m[Appium][0m Attempting to find matching driver for automationName 'uiautomator2' and platformName 'android'
[38;5;112m[Appium][0m The 'uiautomator2' driver was installed and matched caps.
[38;5;112m[Appium][0m Will require it at C:\Users\Fitri\.appium\node_modules\appium-uiautomator2-driver
[38;5;194m[AppiumDriver@61e2][0m Appium v2.11.3 creating new AndroidUiautomator2Driver (v3.7.6) session
[38;5;194m[AppiumDriver@61e2][0m Checking BaseDriver versions for Appium and AndroidUiautomator2Driver
[38;5;194m[AppiumDriver@61e2][0m Appium's BaseDriver version is 9.11.3
[38;5;194m[AppiumDriver@61e2][0m AndroidUiautomator2Driver's BaseDriver version is 9.11.3
[38;5;120m[750e8fef][0m[38;5;-24m[AndroidUiautomator2Driver@5220][0m Session created with session id: 750e8fef-a500-4624-bb39-485a1254a41f
[38;5;120m[750e8fef][0m[38;5;229m[ADB][0m Found 1 'build-tools' folders under 'C:\Users\Fitri\AppData\Local\Android\Sdk' (newest first):
[38;5;120m[750e8fef][0m[38;5;229m[ADB][0m     C:\Users\Fitri\AppData\Local\Android\Sdk\build-tools\35.0.0
[38;5;120m[750e8fef][0m[38;5;229m[ADB][0m Using 'adb.exe' from 'C:\Users\Fitri\AppData\Local\Android\Sdk\platform-tools\adb.exe'
[38;5;120m[750e8fef][0m[38;5;-24m[AndroidUiautomator2Driver@5220][0m Retrieving device list
[38;5;120m[750e8fef][0m[38;5;-24m[AndroidUiautomator2Driver@5220][0m Using device: emulator-5554
[38;5;120m[750e8fef][0m[38;5;229m[ADB][0m Using 'adb.exe' from 'C:\Users\Fitri\AppData\Local\Android\Sdk\platform-tools\adb.exe'
[38;5;120m[750e8fef][0m[38;5;-24m[AndroidUiautomator2Driver@5220][0m Starting 'com.android.settings' directly on the device
[38;5;120m[750e8fef][0m[38;5;229m[ADB][0m Getting device platform version
[38;5;120m[750e8fef][0m[38;5;-24m[AndroidUiautomator2Driver@5220][0m Relaxing hidden api policy
[38;5;120m[750e8fef][0m[38;5;-24m[AndroidUiautomator2Driver@5220][0m No app sent in, not parsing package/activity
[38;5;120m[750e8fef][0m[38;5;229m[ADB][0m Using 'aapt2.exe' from 'C:\Users\Fitri\AppData\Local\Android\Sdk\build-tools\35.0.0\aapt2.exe'
[38;5;120m[750e8fef][0m[38;5;-24m[AndroidUiautomator2Driver@5220][0m Server packages are not going to be (re)installed
[38;5;120m[750e8fef][0m[38;5;229m[ADB][0m Adding packages ["io.appium.settings","io.appium.uiautomator2.server","io.appium.uiautomator2.server.test"] to Doze whitelist
[38;5;120m[750e8fef][0m[38;5;-24m[AndroidUiautomator2Driver@5220][0m Starting UIAutomator2 server 7.0.21
[38;5;120m[750e8fef][0m[38;5;-24m[AndroidUiautomator2Driver@5220][0m Using UIAutomator2 server from 'C:\Users\Fitri\.appium\node_modules\appium-uiautomator2-driver\node_modules\appium-uiautomator2-server\apks\appium-uiautomator2-server-v7.0.21.apk' and test from 'C:\Users\Fitri\.appium\node_modules\appium-uiautomator2-driver\node_modules\appium-uiautomator2-server\apks\appium-uiautomator2-server-debug-androidTest.apk'
[38;5;120m[750e8fef][0m[38;5;-24m[AndroidUiautomator2Driver@5220][0m Waiting up to 30000ms for UiAutomator2 to be online...
[38;5;120m[750e8fef][0m[38;5;-24m[AndroidUiautomator2Driver@5220][0m socket hang up
[38;5;120m[750e8fef][0m[38;5;-24m[AndroidUiautomator2Driver@5220][0m socket hang up
[38;5;120m[750e8fef][0m[38;5;-24m[AndroidUiautomator2Driver@5220][0m socket hang up
[38;5;120m[750e8fef][0m[38;5;-24m[AndroidUiautomator2Driver@5220][0m Determined the downstream protocol as 'W3C'
[38;5;120m[750e8fef][0m[38;5;-24m[AndroidUiautomator2Driver@5220][0m Screen already unlocked, doing nothing
[38;5;120m[750e8fef][0m[38;5;-24m[AndroidUiautomator2Driver@5220][0m Starting 'com.android.settings/.Settings and waiting for 'com.android.settings/.Settings'
[38;5;120m[750e8fef][0m[38;5;194m[AppiumDriver@61e2][0m New AndroidUiautomator2Driver session created successfully, session 750e8fef-a500-4624-bb39-485a1254a41f added to master session list
[38;5;120m[750e8fef][0m[38;5;86m[HTTP][0m [37m<-- POST /wd/hub/session [39m[32m200[39m [90m7477 ms - 1124[39m [90m[39m
[38;5;120m[750e8fef][0m[38;5;86m[HTTP][0m [37m-->[39m [37mGET[39m [37m/wd/hub/session/750e8fef-a500-4624-bb39-485a1254a41f[39m [90m{}[39m
[38;5;120m[750e8fef][0m[38;5;86m[HTTP][0m [37m<-- GET /wd/hub/session/750e8fef-a500-4624-bb39-485a1254a41f [39m[32m200[39m [90m55 ms - 333[39m [90m[39m
[38;5;120m[750e8fef][0m[38;5;86m[HTTP][0m [37m-->[39m [37mGET[39m [37m/wd/hub/session/750e8fef-a500-4624-bb39-485a1254a41f[39m [90m{}[39m
[38;5;120m[750e8fef][0m[38;5;86m[HTTP][0m [37m<-- GET /wd/hub/session/750e8fef-a500-4624-bb39-485a1254a41f [39m[32m200[39m [90m38 ms - 333[39m [90m[39m
[38;5;86m[HTTP][0m [37m-->[39m [37mGET[39m [37m/wd/hub/status[39m [90m{}[39m
[38;5;86m[HTTP][0m [37m<-- GET /wd/hub/status [39m[32m200[39m [90m2 ms - 111[39m [90m[39m
[38;5;120m[750e8fef][0m[38;5;86m[HTTP][0m [37m-->[39m [37mPOST[39m [37m/wd/hub/session/750e8fef-a500-4624-bb39-485a1254a41f/timeouts[39m [90m{"implicit":60000}[39m
[38;5;120m[750e8fef][0m[38;5;86m[HTTP][0m [37m<-- POST /wd/hub/session/750e8fef-a500-4624-bb39-485a1254a41f/timeouts [39m[32m200[39m [90m6 ms - 14[39m [90m[39m
[38;5;120m[750e8fef][0m[38;5;86m[HTTP][0m [37m-->[39m [37mGET[39m [37m/wd/hub/session/750e8fef-a500-4624-bb39-485a1254a41f/appium/device/system_bars[39m [90m{}[39m
[38;5;120m[750e8fef][0m[38;5;-24m[AndroidUiautomator2Driver@5220][0m No windows have been found whose title matches to 'NavigationBar'. Assuming it is invisible. Only the following windows are available: ScreenDecorOverlayBottom,ScreenDecorOverlay,EdgeBackGestureHandler0,Taskbar,NotificationShade,StatusBar,ShellDropTarget
[38;5;120m[750e8fef][0m[38;5;86m[HTTP][0m [37m<-- GET /wd/hub/session/750e8fef-a500-4624-bb39-485a1254a41f/appium/device/system_bars [39m[32m200[39m [90m234 ms - 144[39m [90m[39m
[38;5;120m[750e8fef][0m[38;5;86m[HTTP][0m [37m-->[39m [37mPOST[39m [37m/wd/hub/session/750e8fef-a500-4624-bb39-485a1254a41f/appium/device/activate_app[39m [90m{"bundleId":"com.ecwid.ShopAt.HappyDayShopping"}[39m
[38;5;120m[750e8fef][0m[38;5;86m[HTTP][0m [37m<-- POST /wd/hub/session/750e8fef-a500-4624-bb39-485a1254a41f/appium/device/activate_app [39m[32m200[39m [90m259 ms - 14[39m [90m[39m
[38;5;120m[750e8fef][0m[38;5;86m[HTTP][0m [37m-->[39m [37mGET[39m [37m/wd/hub/session/750e8fef-a500-4624-bb39-485a1254a41f/source[39m [90m{}[39m
[38;5;120m[750e8fef][0m[38;5;-24m[AndroidUiautomator2Driver@5220][0m Driver proxy active, passing request on via HTTP proxy
[38;5;120m[750e8fef][0m[38;5;-24m[AndroidUiautomator2Driver@5220][0m Replacing sessionId 8347120b-50b6-446c-a3b3-7f5763d14779 with 750e8fef-a500-4624-bb39-485a1254a41f
[38;5;120m[750e8fef][0m[38;5;86m[HTTP][0m [37m<-- GET /wd/hub/session/750e8fef-a500-4624-bb39-485a1254a41f/source [39m[32m200[39m [90m1237 ms - 37649[39m [90m[39m
[38;5;120m[750e8fef][0m[38;5;86m[HTTP][0m [37m-->[39m [37mGET[39m [37m/wd/hub/session/750e8fef-a500-4624-bb39-485a1254a41f/screenshot[39m [90m{}[39m
[38;5;120m[750e8fef][0m[38;5;86m[HTTP][0m [37m<-- GET /wd/hub/session/750e8fef-a500-4624-bb39-485a1254a41f/screenshot [39m[32m200[39m [90m1269 ms - 2587760[39m [90m[39m
[38;5;120m[750e8fef][0m[38;5;86m[HTTP][0m [37m-->[39m [37mGET[39m [37m/wd/hub/session/750e8fef-a500-4624-bb39-485a1254a41f/window/rect[39m [90m{}[39m
[38;5;120m[750e8fef][0m[38;5;86m[HTTP][0m [37m<-- GET /wd/hub/session/750e8fef-a500-4624-bb39-485a1254a41f/window/rect [39m[32m200[39m [90m18 ms - 50[39m [90m[39m
[38;5;120m[750e8fef][0m[38;5;86m[HTTP][0m [37m-->[39m [37mPOST[39m [37m/wd/hub/session/750e8fef-a500-4624-bb39-485a1254a41f/elements[39m [90m{"using":"xpath","value":"//*[@class = 'android.widget.TextView' and (@text = 'PROMOTIONS' or . = 'PROMOTIONS')]"}[39m
[38;5;120m[750e8fef][0m[38;5;86m[HTTP][0m [37m<-- POST /wd/hub/session/750e8fef-a500-4624-bb39-485a1254a41f/elements [39m[32m200[39m [90m713 ms - 139[39m [90m[39m
[38;5;120m[750e8fef][0m[38;5;86m[HTTP][0m [37m-->[39m [37mGET[39m [37m/wd/hub/session/750e8fef-a500-4624-bb39-485a1254a41f/element/00000000-0000-007d-ffff-ffff0000009c/location[39m [90m{}[39m
[38;5;120m[750e8fef][0m[38;5;-24m[AndroidUiautomator2Driver@5220][0m Driver proxy active, passing request on via HTTP proxy
[38;5;120m[750e8fef][0m[38;5;-24m[AndroidUiautomator2Driver@5220][0m Replacing sessionId 8347120b-50b6-446c-a3b3-7f5763d14779 with 750e8fef-a500-4624-bb39-485a1254a41f
[38;5;120m[750e8fef][0m[38;5;86m[HTTP][0m [37m<-- GET /wd/hub/session/750e8fef-a500-4624-bb39-485a1254a41f/element/00000000-0000-007d-ffff-ffff0000009c/location [39m[32m200[39m [90m40 ms - 79[39m [90m[39m
[38;5;120m[750e8fef][0m[38;5;86m[HTTP][0m [37m-->[39m [37mPOST[39m [37m/wd/hub/session/750e8fef-a500-4624-bb39-485a1254a41f/element/00000000-0000-007d-ffff-ffff0000009c/click[39m [90m{"id":"00000000-0000-007d-ffff-ffff0000009c"}[39m
[38;5;120m[750e8fef][0m[38;5;86m[HTTP][0m [37m<-- POST /wd/hub/session/750e8fef-a500-4624-bb39-485a1254a41f/element/00000000-0000-007d-ffff-ffff0000009c/click [39m[32m200[39m [90m71 ms - 14[39m [90m[39m
[38;5;120m[750e8fef][0m[38;5;86m[HTTP][0m [37m-->[39m [37mGET[39m [37m/wd/hub/session/750e8fef-a500-4624-bb39-485a1254a41f/source[39m [90m{}[39m
[38;5;120m[750e8fef][0m[38;5;-24m[AndroidUiautomator2Driver@5220][0m Driver proxy active, passing request on via HTTP proxy
[38;5;120m[750e8fef][0m[38;5;-24m[AndroidUiautomator2Driver@5220][0m Replacing sessionId 8347120b-50b6-446c-a3b3-7f5763d14779 with 750e8fef-a500-4624-bb39-485a1254a41f
[38;5;120m[750e8fef][0m[38;5;86m[HTTP][0m [37m<-- GET /wd/hub/session/750e8fef-a500-4624-bb39-485a1254a41f/source [39m[32m200[39m [90m552 ms - 25259[39m [90m[39m
[38;5;120m[750e8fef][0m[38;5;86m[HTTP][0m [37m-->[39m [37mGET[39m [37m/wd/hub/session/750e8fef-a500-4624-bb39-485a1254a41f/screenshot[39m [90m{}[39m
[38;5;120m[750e8fef][0m[38;5;86m[HTTP][0m [37m<-- GET /wd/hub/session/750e8fef-a500-4624-bb39-485a1254a41f/screenshot [39m[32m200[39m [90m372 ms - 63296[39m [90m[39m
[38;5;120m[750e8fef][0m[38;5;86m[HTTP][0m [37m-->[39m [37mGET[39m [37m/wd/hub/session/750e8fef-a500-4624-bb39-485a1254a41f/source[39m [90m{}[39m
[38;5;120m[750e8fef][0m[38;5;-24m[AndroidUiautomator2Driver@5220][0m Driver proxy active, passing request on via HTTP proxy
[38;5;120m[750e8fef][0m[38;5;-24m[AndroidUiautomator2Driver@5220][0m Replacing sessionId 8347120b-50b6-446c-a3b3-7f5763d14779 with 750e8fef-a500-4624-bb39-485a1254a41f
[38;5;120m[750e8fef][0m[38;5;86m[HTTP][0m [37m<-- GET /wd/hub/session/750e8fef-a500-4624-bb39-485a1254a41f/source [39m[32m200[39m [90m126 ms - 38196[39m [90m[39m
[38;5;120m[750e8fef][0m[38;5;86m[HTTP][0m [37m-->[39m [37mGET[39m [37m/wd/hub/session/750e8fef-a500-4624-bb39-485a1254a41f/screenshot[39m [90m{}[39m
[38;5;120m[750e8fef][0m[38;5;86m[HTTP][0m [37m<-- GET /wd/hub/session/750e8fef-a500-4624-bb39-485a1254a41f/screenshot [39m[32m200[39m [90m599 ms - 979312[39m [90m[39m
[38;5;120m[750e8fef][0m[38;5;86m[HTTP][0m [37m-->[39m [37mGET[39m [37m/wd/hub/session/750e8fef-a500-4624-bb39-485a1254a41f/window/rect[39m [90m{}[39m
[38;5;120m[750e8fef][0m[38;5;86m[HTTP][0m [37m<-- GET /wd/hub/session/750e8fef-a500-4624-bb39-485a1254a41f/window/rect [39m[32m200[39m [90m16 ms - 50[39m [90m[39m
[38;5;120m[750e8fef][0m[38;5;86m[HTTP][0m [37m-->[39m [37mPOST[39m [37m/wd/hub/session/750e8fef-a500-4624-bb39-485a1254a41f/elements[39m [90m{"using":"xpath","value":"//*[@class = 'android.widget.TextView' and (@text = 'Bar Bilat' or . = 'Bar Bilat')]"}[39m
[38;5;120m[750e8fef][0m[38;5;86m[HTTP][0m [37m<-- POST /wd/hub/session/750e8fef-a500-4624-bb39-485a1254a41f/elements [39m[32m200[39m [90m232 ms - 139[39m [90m[39m
[38;5;120m[750e8fef][0m[38;5;86m[HTTP][0m [37m-->[39m [37mGET[39m [37m/wd/hub/session/750e8fef-a500-4624-bb39-485a1254a41f/element/00000000-0000-007d-ffff-ffff0000013d/location[39m [90m{}[39m
[38;5;120m[750e8fef][0m[38;5;-24m[AndroidUiautomator2Driver@5220][0m Driver proxy active, passing request on via HTTP proxy
[38;5;120m[750e8fef][0m[38;5;-24m[AndroidUiautomator2Driver@5220][0m Replacing sessionId 8347120b-50b6-446c-a3b3-7f5763d14779 with 750e8fef-a500-4624-bb39-485a1254a41f
[38;5;120m[750e8fef][0m[38;5;86m[HTTP][0m [37m<-- GET /wd/hub/session/750e8fef-a500-4624-bb39-485a1254a41f/element/00000000-0000-007d-ffff-ffff0000013d/location [39m[32m200[39m [90m36 ms - 77[39m [90m[39m
[38;5;120m[750e8fef][0m[38;5;86m[HTTP][0m [37m-->[39m [37mPOST[39m [37m/wd/hub/session/750e8fef-a500-4624-bb39-485a1254a41f/element/00000000-0000-007d-ffff-ffff0000013d/click[39m [90m{"id":"00000000-0000-007d-ffff-ffff0000013d"}[39m
[38;5;120m[750e8fef][0m[38;5;86m[HTTP][0m [37m<-- POST /wd/hub/session/750e8fef-a500-4624-bb39-485a1254a41f/element/00000000-0000-007d-ffff-ffff0000013d/click [39m[32m200[39m [90m62 ms - 14[39m [90m[39m
[38;5;120m[750e8fef][0m[38;5;86m[HTTP][0m [37m-->[39m [37mGET[39m [37m/wd/hub/session/750e8fef-a500-4624-bb39-485a1254a41f/source[39m [90m{}[39m
[38;5;120m[750e8fef][0m[38;5;-24m[AndroidUiautomator2Driver@5220][0m Driver proxy active, passing request on via HTTP proxy
[38;5;120m[750e8fef][0m[38;5;-24m[AndroidUiautomator2Driver@5220][0m Replacing sessionId 8347120b-50b6-446c-a3b3-7f5763d14779 with 750e8fef-a500-4624-bb39-485a1254a41f
[38;5;120m[750e8fef][0m[38;5;86m[HTTP][0m [37m<-- GET /wd/hub/session/750e8fef-a500-4624-bb39-485a1254a41f/source [39m[32m200[39m [90m620 ms - 25250[39m [90m[39m
[38;5;120m[750e8fef][0m[38;5;86m[HTTP][0m [37m-->[39m [37mGET[39m [37m/wd/hub/session/750e8fef-a500-4624-bb39-485a1254a41f/screenshot[39m [90m{}[39m
[38;5;120m[750e8fef][0m[38;5;86m[HTTP][0m [37m<-- GET /wd/hub/session/750e8fef-a500-4624-bb39-485a1254a41f/screenshot [39m[32m200[39m [90m514 ms - 567076[39m [90m[39m
[38;5;120m[750e8fef][0m[38;5;86m[HTTP][0m [37m-->[39m [37mGET[39m [37m/wd/hub/session/750e8fef-a500-4624-bb39-485a1254a41f/window/rect[39m [90m{}[39m
[38;5;120m[750e8fef][0m[38;5;86m[HTTP][0m [37m<-- GET /wd/hub/session/750e8fef-a500-4624-bb39-485a1254a41f/window/rect [39m[32m200[39m [90m10 ms - 50[39m [90m[39m
[38;5;120m[750e8fef][0m[38;5;86m[HTTP][0m [37m-->[39m [37mPOST[39m [37m/wd/hub/session/750e8fef-a500-4624-bb39-485a1254a41f/elements[39m [90m{"using":"xpath","value":"//*[@class = 'android.widget.EditText' and (@text = '1' or . = '1')]"}[39m
[38;5;120m[750e8fef][0m[38;5;86m[HTTP][0m [37m<-- POST /wd/hub/session/750e8fef-a500-4624-bb39-485a1254a41f/elements [39m[32m200[39m [90m170 ms - 139[39m [90m[39m
[38;5;120m[750e8fef][0m[38;5;86m[HTTP][0m [37m-->[39m [37mGET[39m [37m/wd/hub/session/750e8fef-a500-4624-bb39-485a1254a41f/element/00000000-0000-007d-ffff-ffff0000017c/location[39m [90m{}[39m
[38;5;120m[750e8fef][0m[38;5;-24m[AndroidUiautomator2Driver@5220][0m Driver proxy active, passing request on via HTTP proxy
[38;5;120m[750e8fef][0m[38;5;-24m[AndroidUiautomator2Driver@5220][0m Replacing sessionId 8347120b-50b6-446c-a3b3-7f5763d14779 with 750e8fef-a500-4624-bb39-485a1254a41f
[38;5;120m[750e8fef][0m[38;5;86m[HTTP][0m [37m<-- GET /wd/hub/session/750e8fef-a500-4624-bb39-485a1254a41f/element/00000000-0000-007d-ffff-ffff0000017c/location [39m[32m200[39m [90m19 ms - 79[39m [90m[39m
[38;5;120m[750e8fef][0m[38;5;86m[HTTP][0m [37m-->[39m [37mPOST[39m [37m/wd/hub/session/750e8fef-a500-4624-bb39-485a1254a41f/element/00000000-0000-007d-ffff-ffff0000017c/clear[39m [90m{"id":"00000000-0000-007d-ffff-ffff0000017c"}[39m
[38;5;120m[750e8fef][0m[38;5;86m[HTTP][0m [37m<-- POST /wd/hub/session/750e8fef-a500-4624-bb39-485a1254a41f/element/00000000-0000-007d-ffff-ffff0000017c/clear [39m[32m200[39m [90m24 ms - 14[39m [90m[39m
[38;5;120m[750e8fef][0m[38;5;86m[HTTP][0m [37m-->[39m [37mPOST[39m [37m/wd/hub/session/750e8fef-a500-4624-bb39-485a1254a41f/element/00000000-0000-007d-ffff-ffff0000017c/click[39m [90m{"id":"00000000-0000-007d-ffff-ffff0000017c"}[39m
[38;5;120m[750e8fef][0m[38;5;86m[HTTP][0m [37m<-- POST /wd/hub/session/750e8fef-a500-4624-bb39-485a1254a41f/element/00000000-0000-007d-ffff-ffff0000017c/click [39m[32m200[39m [90m1593 ms - 14[39m [90m[39m
[38;5;120m[750e8fef][0m[38;5;86m[HTTP][0m [37m-->[39m [37mPOST[39m [37m/wd/hub/session/750e8fef-a500-4624-bb39-485a1254a41f/element/00000000-0000-007d-ffff-ffff0000017c/value[39m [90m{"id":"00000000-0000-007d-ffff-ffff0000017c","text":"5","value":["5"]}[39m
[38;5;120m[750e8fef][0m[38;5;86m[HTTP][0m [37m<-- POST /wd/hub/session/750e8fef-a500-4624-bb39-485a1254a41f/element/00000000-0000-007d-ffff-ffff0000017c/value [39m[32m200[39m [90m32 ms - 14[39m [90m[39m
[38;5;120m[750e8fef][0m[38;5;86m[HTTP][0m [37m-->[39m [37mGET[39m [37m/wd/hub/session/750e8fef-a500-4624-bb39-485a1254a41f/source[39m [90m{}[39m
[38;5;120m[750e8fef][0m[38;5;-24m[AndroidUiautomator2Driver@5220][0m Driver proxy active, passing request on via HTTP proxy
[38;5;120m[750e8fef][0m[38;5;-24m[AndroidUiautomator2Driver@5220][0m Replacing sessionId 8347120b-50b6-446c-a3b3-7f5763d14779 with 750e8fef-a500-4624-bb39-485a1254a41f
[38;5;120m[750e8fef][0m[38;5;86m[HTTP][0m [37m<-- GET /wd/hub/session/750e8fef-a500-4624-bb39-485a1254a41f/source [39m[32m200[39m [90m142 ms - 15864[39m [90m[39m
[38;5;120m[750e8fef][0m[38;5;86m[HTTP][0m [37m-->[39m [37mGET[39m [37m/wd/hub/session/750e8fef-a500-4624-bb39-485a1254a41f/screenshot[39m [90m{}[39m
[38;5;120m[750e8fef][0m[38;5;86m[HTTP][0m [37m<-- GET /wd/hub/session/750e8fef-a500-4624-bb39-485a1254a41f/screenshot [39m[32m200[39m [90m581 ms - 586680[39m [90m[39m
[38;5;120m[750e8fef][0m[38;5;86m[HTTP][0m [37m-->[39m [37mGET[39m [37m/wd/hub/session/750e8fef-a500-4624-bb39-485a1254a41f/context[39m [90m{}[39m
[38;5;120m[750e8fef][0m[38;5;86m[HTTP][0m [37m<-- GET /wd/hub/session/750e8fef-a500-4624-bb39-485a1254a41f/context [39m[32m200[39m [90m1 ms - 22[39m [90m[39m
[38;5;120m[750e8fef][0m[38;5;86m[HTTP][0m [37m-->[39m [37mGET[39m [37m/wd/hub/session/750e8fef-a500-4624-bb39-485a1254a41f/contexts[39m [90m{}[39m
[38;5;120m[750e8fef][0m[38;5;86m[HTTP][0m [37m<-- GET /wd/hub/session/750e8fef-a500-4624-bb39-485a1254a41f/contexts [39m[32m200[39m [90m258 ms - 24[39m [90m[39m
[38;5;120m[750e8fef][0m[38;5;86m[HTTP][0m [37m-->[39m [37mPOST[39m [37m/wd/hub/session/750e8fef-a500-4624-bb39-485a1254a41f/context[39m [90m{"name":"NATIVE_APP"}[39m
[38;5;120m[750e8fef][0m[38;5;86m[HTTP][0m [37m<-- POST /wd/hub/session/750e8fef-a500-4624-bb39-485a1254a41f/context [39m[32m200[39m [90m2 ms - 14[39m [90m[39m
[38;5;120m[750e8fef][0m[38;5;86m[HTTP][0m [37m-->[39m [37mPOST[39m [37m/wd/hub/session/750e8fef-a500-4624-bb39-485a1254a41f/appium/device/hide_keyboard[39m [90m{}[39m
[38;5;120m[750e8fef][0m[38;5;86m[HTTP][0m [37m<-- POST /wd/hub/session/750e8fef-a500-4624-bb39-485a1254a41f/appium/device/hide_keyboard [39m[32m200[39m [90m749 ms - 14[39m [90m[39m
[38;5;120m[750e8fef][0m[38;5;86m[HTTP][0m [37m-->[39m [37mPOST[39m [37m/wd/hub/session/750e8fef-a500-4624-bb39-485a1254a41f/context[39m [90m{"name":"NATIVE_APP"}[39m
[38;5;120m[750e8fef][0m[38;5;86m[HTTP][0m [37m<-- POST /wd/hub/session/750e8fef-a500-4624-bb39-485a1254a41f/context [39m[32m200[39m [90m2 ms - 14[39m [90m[39m
[38;5;120m[750e8fef][0m[38;5;86m[HTTP][0m [37m-->[39m [37mGET[39m [37m/wd/hub/session/750e8fef-a500-4624-bb39-485a1254a41f/source[39m [90m{}[39m
[38;5;120m[750e8fef][0m[38;5;-24m[AndroidUiautomator2Driver@5220][0m Driver proxy active, passing request on via HTTP proxy
[38;5;120m[750e8fef][0m[38;5;-24m[AndroidUiautomator2Driver@5220][0m Replacing sessionId 8347120b-50b6-446c-a3b3-7f5763d14779 with 750e8fef-a500-4624-bb39-485a1254a41f
[38;5;120m[750e8fef][0m[38;5;86m[HTTP][0m [37m<-- GET /wd/hub/session/750e8fef-a500-4624-bb39-485a1254a41f/source [39m[32m200[39m [90m142 ms - 25250[39m [90m[39m
[38;5;120m[750e8fef][0m[38;5;86m[HTTP][0m [37m-->[39m [37mGET[39m [37m/wd/hub/session/750e8fef-a500-4624-bb39-485a1254a41f/screenshot[39m [90m{}[39m
[38;5;120m[750e8fef][0m[38;5;86m[HTTP][0m [37m<-- GET /wd/hub/session/750e8fef-a500-4624-bb39-485a1254a41f/screenshot [39m[32m200[39m [90m586 ms - 568056[39m [90m[39m
[38;5;120m[750e8fef][0m[38;5;86m[HTTP][0m [37m-->[39m [37mGET[39m [37m/wd/hub/session/750e8fef-a500-4624-bb39-485a1254a41f/window/rect[39m [90m{}[39m
[38;5;120m[750e8fef][0m[38;5;86m[HTTP][0m [37m<-- GET /wd/hub/session/750e8fef-a500-4624-bb39-485a1254a41f/window/rect [39m[32m200[39m [90m10 ms - 50[39m [90m[39m
[38;5;120m[750e8fef][0m[38;5;86m[HTTP][0m [37m-->[39m [37mPOST[39m [37m/wd/hub/session/750e8fef-a500-4624-bb39-485a1254a41f/elements[39m [90m{"using":"xpath","value":"//*[@class = 'android.widget.TextView' and (@text = 'Add to Bag' or . = 'Add to Bag')]"}[39m
[38;5;120m[750e8fef][0m[38;5;86m[HTTP][0m [37m<-- POST /wd/hub/session/750e8fef-a500-4624-bb39-485a1254a41f/elements [39m[32m200[39m [90m146 ms - 139[39m [90m[39m
[38;5;120m[750e8fef][0m[38;5;86m[HTTP][0m [37m-->[39m [37mGET[39m [37m/wd/hub/session/750e8fef-a500-4624-bb39-485a1254a41f/element/00000000-0000-007d-ffff-ffff0000017e/location[39m [90m{}[39m
[38;5;120m[750e8fef][0m[38;5;-24m[AndroidUiautomator2Driver@5220][0m Driver proxy active, passing request on via HTTP proxy
[38;5;120m[750e8fef][0m[38;5;-24m[AndroidUiautomator2Driver@5220][0m Replacing sessionId 8347120b-50b6-446c-a3b3-7f5763d14779 with 750e8fef-a500-4624-bb39-485a1254a41f
[38;5;120m[750e8fef][0m[38;5;86m[HTTP][0m [37m<-- GET /wd/hub/session/750e8fef-a500-4624-bb39-485a1254a41f/element/00000000-0000-007d-ffff-ffff0000017e/location [39m[32m200[39m [90m19 ms - 78[39m [90m[39m
[38;5;120m[750e8fef][0m[38;5;86m[HTTP][0m [37m-->[39m [37mPOST[39m [37m/wd/hub/session/750e8fef-a500-4624-bb39-485a1254a41f/element/00000000-0000-007d-ffff-ffff0000017e/click[39m [90m{"id":"00000000-0000-007d-ffff-ffff0000017e"}[39m
[38;5;120m[750e8fef][0m[38;5;86m[HTTP][0m [37m<-- POST /wd/hub/session/750e8fef-a500-4624-bb39-485a1254a41f/element/00000000-0000-007d-ffff-ffff0000017e/click [39m[32m200[39m [90m85 ms - 14[39m [90m[39m
[38;5;120m[750e8fef][0m[38;5;86m[HTTP][0m [37m-->[39m [37mGET[39m [37m/wd/hub/session/750e8fef-a500-4624-bb39-485a1254a41f/source[39m [90m{}[39m
[38;5;120m[750e8fef][0m[38;5;-24m[AndroidUiautomator2Driver@5220][0m Driver proxy active, passing request on via HTTP proxy
[38;5;120m[750e8fef][0m[38;5;-24m[AndroidUiautomator2Driver@5220][0m Replacing sessionId 8347120b-50b6-446c-a3b3-7f5763d14779 with 750e8fef-a500-4624-bb39-485a1254a41f
[38;5;120m[750e8fef][0m[38;5;86m[HTTP][0m [37m<-- GET /wd/hub/session/750e8fef-a500-4624-bb39-485a1254a41f/source [39m[32m200[39m [90m523 ms - 26169[39m [90m[39m
[38;5;120m[750e8fef][0m[38;5;86m[HTTP][0m [37m-->[39m [37mGET[39m [37m/wd/hub/session/750e8fef-a500-4624-bb39-485a1254a41f/screenshot[39m [90m{}[39m
[38;5;120m[750e8fef][0m[38;5;86m[HTTP][0m [37m<-- GET /wd/hub/session/750e8fef-a500-4624-bb39-485a1254a41f/screenshot [39m[32m200[39m [90m543 ms - 563820[39m [90m[39m
[38;5;120m[750e8fef][0m[38;5;86m[HTTP][0m [37m-->[39m [37mGET[39m [37m/wd/hub/session/750e8fef-a500-4624-bb39-485a1254a41f/window/rect[39m [90m{}[39m
[38;5;120m[750e8fef][0m[38;5;86m[HTTP][0m [37m<-- GET /wd/hub/session/750e8fef-a500-4624-bb39-485a1254a41f/window/rect [39m[32m200[39m [90m11 ms - 50[39m [90m[39m
[38;5;120m[750e8fef][0m[38;5;86m[HTTP][0m [37m-->[39m [37mPOST[39m [37m/wd/hub/session/750e8fef-a500-4624-bb39-485a1254a41f/elements[39m [90m{"using":"xpath","value":"//*[@class = 'android.widget.TextView' and (@text = 'Your Bag' or . = 'Your Bag')]"}[39m
[38;5;120m[750e8fef][0m[38;5;86m[HTTP][0m [37m<-- POST /wd/hub/session/750e8fef-a500-4624-bb39-485a1254a41f/elements [39m[32m200[39m [90m151 ms - 139[39m [90m[39m
[38;5;120m[750e8fef][0m[38;5;86m[HTTP][0m [37m-->[39m [37mGET[39m [37m/wd/hub/session/750e8fef-a500-4624-bb39-485a1254a41f/element/00000000-0000-007d-ffff-ffff0000006b/location[39m [90m{}[39m
[38;5;120m[750e8fef][0m[38;5;-24m[AndroidUiautomator2Driver@5220][0m Driver proxy active, passing request on via HTTP proxy
[38;5;120m[750e8fef][0m[38;5;-24m[AndroidUiautomator2Driver@5220][0m Replacing sessionId 8347120b-50b6-446c-a3b3-7f5763d14779 with 750e8fef-a500-4624-bb39-485a1254a41f
[38;5;120m[750e8fef][0m[38;5;86m[HTTP][0m [37m<-- GET /wd/hub/session/750e8fef-a500-4624-bb39-485a1254a41f/element/00000000-0000-007d-ffff-ffff0000006b/location [39m[32m200[39m [90m19 ms - 79[39m [90m[39m
[38;5;120m[750e8fef][0m[38;5;86m[HTTP][0m [37m-->[39m [37mPOST[39m [37m/wd/hub/session/750e8fef-a500-4624-bb39-485a1254a41f/element/00000000-0000-007d-ffff-ffff0000006b/click[39m [90m{"id":"00000000-0000-007d-ffff-ffff0000006b"}[39m
[38;5;120m[750e8fef][0m[38;5;86m[HTTP][0m [37m<-- POST /wd/hub/session/750e8fef-a500-4624-bb39-485a1254a41f/element/00000000-0000-007d-ffff-ffff0000006b/click [39m[32m200[39m [90m63 ms - 14[39m [90m[39m
[38;5;120m[750e8fef][0m[38;5;86m[HTTP][0m [37m-->[39m [37mGET[39m [37m/wd/hub/session/750e8fef-a500-4624-bb39-485a1254a41f/source[39m [90m{}[39m
[38;5;120m[750e8fef][0m[38;5;-24m[AndroidUiautomator2Driver@5220][0m Driver proxy active, passing request on via HTTP proxy
[38;5;120m[750e8fef][0m[38;5;-24m[AndroidUiautomator2Driver@5220][0m Replacing sessionId 8347120b-50b6-446c-a3b3-7f5763d14779 with 750e8fef-a500-4624-bb39-485a1254a41f
[38;5;120m[750e8fef][0m[38;5;86m[HTTP][0m [37m<-- GET /wd/hub/session/750e8fef-a500-4624-bb39-485a1254a41f/source [39m[32m200[39m [90m120 ms - 24098[39m [90m[39m
[38;5;120m[750e8fef][0m[38;5;86m[HTTP][0m [37m-->[39m [37mGET[39m [37m/wd/hub/session/750e8fef-a500-4624-bb39-485a1254a41f/screenshot[39m [90m{}[39m
[38;5;120m[750e8fef][0m[38;5;86m[HTTP][0m [37m<-- GET /wd/hub/session/750e8fef-a500-4624-bb39-485a1254a41f/screenshot [39m[32m200[39m [90m382 ms - 97136[39m [90m[39m
[38;5;120m[750e8fef][0m[38;5;86m[HTTP][0m [37m-->[39m [37mGET[39m [37m/wd/hub/session/750e8fef-a500-4624-bb39-485a1254a41f/window/rect[39m [90m{}[39m
[38;5;120m[750e8fef][0m[38;5;86m[HTTP][0m [37m<-- GET /wd/hub/session/750e8fef-a500-4624-bb39-485a1254a41f/window/rect [39m[32m200[39m [90m10 ms - 50[39m [90m[39m
[38;5;120m[750e8fef][0m[38;5;86m[HTTP][0m [37m-->[39m [37mPOST[39m [37m/wd/hub/session/750e8fef-a500-4624-bb39-485a1254a41f/elements[39m [90m{"using":"xpath","value":"//*[@class = 'android.widget.TextView' and (@text = 'Checkout' or . = 'Checkout')]"}[39m
[38;5;120m[750e8fef][0m[38;5;86m[HTTP][0m [37m<-- POST /wd/hub/session/750e8fef-a500-4624-bb39-485a1254a41f/elements [39m[32m200[39m [90m138 ms - 139[39m [90m[39m
[38;5;120m[750e8fef][0m[38;5;86m[HTTP][0m [37m-->[39m [37mGET[39m [37m/wd/hub/session/750e8fef-a500-4624-bb39-485a1254a41f/element/00000000-0000-007d-ffff-ffff0000019a/location[39m [90m{}[39m
[38;5;120m[750e8fef][0m[38;5;-24m[AndroidUiautomator2Driver@5220][0m Driver proxy active, passing request on via HTTP proxy
[38;5;120m[750e8fef][0m[38;5;-24m[AndroidUiautomator2Driver@5220][0m Replacing sessionId 8347120b-50b6-446c-a3b3-7f5763d14779 with 750e8fef-a500-4624-bb39-485a1254a41f
[38;5;120m[750e8fef][0m[38;5;86m[HTTP][0m [37m<-- GET /wd/hub/session/750e8fef-a500-4624-bb39-485a1254a41f/element/00000000-0000-007d-ffff-ffff0000019a/location [39m[32m200[39m [90m22 ms - 77[39m [90m[39m
[38;5;120m[750e8fef][0m[38;5;86m[HTTP][0m [37m-->[39m [37mPOST[39m [37m/wd/hub/session/750e8fef-a500-4624-bb39-485a1254a41f/element/00000000-0000-007d-ffff-ffff0000019a/click[39m [90m{"id":"00000000-0000-007d-ffff-ffff0000019a"}[39m
[38;5;120m[750e8fef][0m[38;5;86m[HTTP][0m [37m<-- POST /wd/hub/session/750e8fef-a500-4624-bb39-485a1254a41f/element/00000000-0000-007d-ffff-ffff0000019a/click [39m[32m200[39m [90m67 ms - 14[39m [90m[39m
[38;5;120m[750e8fef][0m[38;5;86m[HTTP][0m [37m-->[39m [37mGET[39m [37m/wd/hub/session/750e8fef-a500-4624-bb39-485a1254a41f/source[39m [90m{}[39m
[38;5;120m[750e8fef][0m[38;5;-24m[AndroidUiautomator2Driver@5220][0m Driver proxy active, passing request on via HTTP proxy
[38;5;120m[750e8fef][0m[38;5;-24m[AndroidUiautomator2Driver@5220][0m Replacing sessionId 8347120b-50b6-446c-a3b3-7f5763d14779 with 750e8fef-a500-4624-bb39-485a1254a41f
[38;5;120m[750e8fef][0m[38;5;86m[HTTP][0m [37m<-- GET /wd/hub/session/750e8fef-a500-4624-bb39-485a1254a41f/source [39m[32m200[39m [90m217 ms - 24098[39m [90m[39m
[38;5;120m[750e8fef][0m[38;5;86m[HTTP][0m [37m-->[39m [37mGET[39m [37m/wd/hub/session/750e8fef-a500-4624-bb39-485a1254a41f/screenshot[39m [90m{}[39m
[38;5;120m[750e8fef][0m[38;5;86m[HTTP][0m [37m<-- GET /wd/hub/session/750e8fef-a500-4624-bb39-485a1254a41f/screenshot [39m[32m200[39m [90m622 ms - 29964[39m [90m[39m
[38;5;120m[750e8fef][0m[38;5;86m[HTTP][0m [37m-->[39m [37mGET[39m [37m/wd/hub/session/750e8fef-a500-4624-bb39-485a1254a41f/source[39m [90m{}[39m
[38;5;120m[750e8fef][0m[38;5;-24m[AndroidUiautomator2Driver@5220][0m Driver proxy active, passing request on via HTTP proxy
[38;5;120m[750e8fef][0m[38;5;-24m[AndroidUiautomator2Driver@5220][0m Replacing sessionId 8347120b-50b6-446c-a3b3-7f5763d14779 with 750e8fef-a500-4624-bb39-485a1254a41f
[38;5;120m[750e8fef][0m[38;5;86m[HTTP][0m [37m<-- GET /wd/hub/session/750e8fef-a500-4624-bb39-485a1254a41f/source [39m[32m200[39m [90m240 ms - 48594[39m [90m[39m
[38;5;120m[750e8fef][0m[38;5;86m[HTTP][0m [37m-->[39m [37mGET[39m [37m/wd/hub/session/750e8fef-a500-4624-bb39-485a1254a41f/screenshot[39m [90m{}[39m
[38;5;120m[750e8fef][0m[38;5;86m[HTTP][0m [37m<-- GET /wd/hub/session/750e8fef-a500-4624-bb39-485a1254a41f/screenshot [39m[32m200[39m [90m1226 ms - 1290788[39m [90m[39m
[38;5;120m[750e8fef][0m[38;5;86m[HTTP][0m [37m-->[39m [37mGET[39m [37m/wd/hub/session/750e8fef-a500-4624-bb39-485a1254a41f/window/rect[39m [90m{}[39m
[38;5;120m[750e8fef][0m[38;5;86m[HTTP][0m [37m<-- GET /wd/hub/session/750e8fef-a500-4624-bb39-485a1254a41f/window/rect [39m[32m200[39m [90m14 ms - 50[39m [90m[39m
[38;5;120m[750e8fef][0m[38;5;86m[HTTP][0m [37m-->[39m [37mPOST[39m [37m/wd/hub/session/750e8fef-a500-4624-bb39-485a1254a41f/elements[39m [90m{"using":"xpath","value":"//*[@class = 'android.widget.Button' and (@text = 'Go to your shopping cart' or . = 'Go to your shopping cart')]"}[39m
[38;5;120m[750e8fef][0m[38;5;86m[HTTP][0m [37m<-- POST /wd/hub/session/750e8fef-a500-4624-bb39-485a1254a41f/elements [39m[32m200[39m [90m186 ms - 139[39m [90m[39m
[38;5;120m[750e8fef][0m[38;5;86m[HTTP][0m [37m-->[39m [37mGET[39m [37m/wd/hub/session/750e8fef-a500-4624-bb39-485a1254a41f/element/00000000-0000-008a-0000-003300000048/location[39m [90m{}[39m
[38;5;120m[750e8fef][0m[38;5;-24m[AndroidUiautomator2Driver@5220][0m Driver proxy active, passing request on via HTTP proxy
[38;5;120m[750e8fef][0m[38;5;-24m[AndroidUiautomator2Driver@5220][0m Replacing sessionId 8347120b-50b6-446c-a3b3-7f5763d14779 with 750e8fef-a500-4624-bb39-485a1254a41f
[38;5;120m[750e8fef][0m[38;5;86m[HTTP][0m [37m<-- GET /wd/hub/session/750e8fef-a500-4624-bb39-485a1254a41f/element/00000000-0000-008a-0000-003300000048/location [39m[32m200[39m [90m37 ms - 78[39m [90m[39m
[38;5;120m[750e8fef][0m[38;5;86m[HTTP][0m [37m-->[39m [37mPOST[39m [37m/wd/hub/session/750e8fef-a500-4624-bb39-485a1254a41f/element/00000000-0000-008a-0000-003300000048/click[39m [90m{"id":"00000000-0000-008a-0000-003300000048"}[39m
[38;5;120m[750e8fef][0m[38;5;86m[HTTP][0m [37m<-- POST /wd/hub/session/750e8fef-a500-4624-bb39-485a1254a41f/element/00000000-0000-008a-0000-003300000048/click [39m[32m200[39m [90m73 ms - 14[39m [90m[39m
[38;5;120m[750e8fef][0m[38;5;86m[HTTP][0m [37m-->[39m [37mGET[39m [37m/wd/hub/session/750e8fef-a500-4624-bb39-485a1254a41f/source[39m [90m{}[39m
[38;5;120m[750e8fef][0m[38;5;-24m[AndroidUiautomator2Driver@5220][0m Driver proxy active, passing request on via HTTP proxy
[38;5;120m[750e8fef][0m[38;5;-24m[AndroidUiautomator2Driver@5220][0m Replacing sessionId 8347120b-50b6-446c-a3b3-7f5763d14779 with 750e8fef-a500-4624-bb39-485a1254a41f
[38;5;120m[750e8fef][0m[38;5;86m[HTTP][0m [37m<-- GET /wd/hub/session/750e8fef-a500-4624-bb39-485a1254a41f/source [39m[32m200[39m [90m910 ms - 13676[39m [90m[39m
[38;5;120m[750e8fef][0m[38;5;86m[HTTP][0m [37m-->[39m [37mGET[39m [37m/wd/hub/session/750e8fef-a500-4624-bb39-485a1254a41f/screenshot[39m [90m{}[39m
[38;5;120m[750e8fef][0m[38;5;86m[HTTP][0m [37m<-- GET /wd/hub/session/750e8fef-a500-4624-bb39-485a1254a41f/screenshot [39m[32m200[39m [90m394 ms - 118376[39m [90m[39m
[38;5;120m[750e8fef][0m[38;5;86m[HTTP][0m [37m-->[39m [37mGET[39m [37m/wd/hub/session/750e8fef-a500-4624-bb39-485a1254a41f/source[39m [90m{}[39m
[38;5;120m[750e8fef][0m[38;5;-24m[AndroidUiautomator2Driver@5220][0m Driver proxy active, passing request on via HTTP proxy
[38;5;120m[750e8fef][0m[38;5;-24m[AndroidUiautomator2Driver@5220][0m Replacing sessionId 8347120b-50b6-446c-a3b3-7f5763d14779 with 750e8fef-a500-4624-bb39-485a1254a41f
[38;5;120m[750e8fef][0m[38;5;86m[HTTP][0m [37m<-- GET /wd/hub/session/750e8fef-a500-4624-bb39-485a1254a41f/source [39m[32m200[39m [90m64 ms - 5340[39m [90m[39m
[38;5;120m[750e8fef][0m[38;5;86m[HTTP][0m [37m-->[39m [37mGET[39m [37m/wd/hub/session/750e8fef-a500-4624-bb39-485a1254a41f/screenshot[39m [90m{}[39m
[38;5;120m[750e8fef][0m[38;5;86m[HTTP][0m [37m<-- GET /wd/hub/session/750e8fef-a500-4624-bb39-485a1254a41f/screenshot [39m[32m200[39m [90m465 ms - 238476[39m [90m[39m
[38;5;120m[750e8fef][0m[38;5;86m[HTTP][0m [37m-->[39m [37mGET[39m [37m/wd/hub/session/750e8fef-a500-4624-bb39-485a1254a41f/source[39m [90m{}[39m
[38;5;120m[750e8fef][0m[38;5;-24m[AndroidUiautomator2Driver@5220][0m Driver proxy active, passing request on via HTTP proxy
[38;5;120m[750e8fef][0m[38;5;-24m[AndroidUiautomator2Driver@5220][0m Replacing sessionId 8347120b-50b6-446c-a3b3-7f5763d14779 with 750e8fef-a500-4624-bb39-485a1254a41f
[38;5;120m[750e8fef][0m[38;5;86m[HTTP][0m [37m<-- GET /wd/hub/session/750e8fef-a500-4624-bb39-485a1254a41f/source [39m[32m200[39m [90m195 ms - 45294[39m [90m[39m
[38;5;120m[750e8fef][0m[38;5;86m[HTTP][0m [37m-->[39m [37mGET[39m [37m/wd/hub/session/750e8fef-a500-4624-bb39-485a1254a41f/screenshot[39m [90m{}[39m
[38;5;120m[750e8fef][0m[38;5;86m[HTTP][0m [37m<-- GET /wd/hub/session/750e8fef-a500-4624-bb39-485a1254a41f/screenshot [39m[32m200[39m [90m443 ms - 345724[39m [90m[39m
[38;5;120m[750e8fef][0m[38;5;86m[HTTP][0m [37m-->[39m [37mGET[39m [37m/wd/hub/session/750e8fef-a500-4624-bb39-485a1254a41f/window/rect[39m [90m{}[39m
[38;5;120m[750e8fef][0m[38;5;86m[HTTP][0m [37m<-- GET /wd/hub/session/750e8fef-a500-4624-bb39-485a1254a41f/window/rect [39m[32m200[39m [90m15 ms - 50[39m [90m[39m
[38;5;120m[750e8fef][0m[38;5;86m[HTTP][0m [37m-->[39m [37mPOST[39m [37m/wd/hub/session/750e8fef-a500-4624-bb39-485a1254a41f/elements[39m [90m{"using":"xpath","value":"//*[@class = 'android.widget.TextView' and (@text = 'If you have any inquiries or updates pls whatsap us at 94617563. ' or . = 'If you have any inquiries or updates pls whatsap us at 94617563. ')]"}[39m
[38;5;120m[750e8fef][0m[38;5;86m[HTTP][0m [37m<-- POST /wd/hub/session/750e8fef-a500-4624-bb39-485a1254a41f/elements [39m[32m200[39m [90m202 ms - 139[39m [90m[39m
[38;5;120m[750e8fef][0m[38;5;86m[HTTP][0m [37m-->[39m [37mGET[39m [37m/wd/hub/session/750e8fef-a500-4624-bb39-485a1254a41f/element/00000000-0000-008a-0000-02dd00000048/location[39m [90m{}[39m
[38;5;120m[750e8fef][0m[38;5;-24m[AndroidUiautomator2Driver@5220][0m Driver proxy active, passing request on via HTTP proxy
[38;5;120m[750e8fef][0m[38;5;-24m[AndroidUiautomator2Driver@5220][0m Replacing sessionId 8347120b-50b6-446c-a3b3-7f5763d14779 with 750e8fef-a500-4624-bb39-485a1254a41f
[38;5;120m[750e8fef][0m[38;5;86m[HTTP][0m [37m<-- GET /wd/hub/session/750e8fef-a500-4624-bb39-485a1254a41f/element/00000000-0000-008a-0000-02dd00000048/location [39m[32m200[39m [90m24 ms - 77[39m [90m[39m
[38;5;120m[750e8fef][0m[38;5;86m[HTTP][0m [37m-->[39m [37mGET[39m [37m/wd/hub/session/750e8fef-a500-4624-bb39-485a1254a41f/element/00000000-0000-008a-0000-02dd00000048/text[39m [90m{}[39m
[38;5;120m[750e8fef][0m[38;5;-24m[AndroidUiautomator2Driver@5220][0m Driver proxy active, passing request on via HTTP proxy
[38;5;120m[750e8fef][0m[38;5;-24m[AndroidUiautomator2Driver@5220][0m Replacing sessionId 8347120b-50b6-446c-a3b3-7f5763d14779 with 750e8fef-a500-4624-bb39-485a1254a41f
[38;5;120m[750e8fef][0m[38;5;86m[HTTP][0m [37m<-- GET /wd/hub/session/750e8fef-a500-4624-bb39-485a1254a41f/element/00000000-0000-008a-0000-02dd00000048/text [39m[32m200[39m [90m17 ms - 129[39m [90m[39m
[38;5;120m[750e8fef][0m[38;5;86m[HTTP][0m [37m-->[39m [37mGET[39m [37m/wd/hub/session/750e8fef-a500-4624-bb39-485a1254a41f/source[39m [90m{}[39m
[38;5;120m[750e8fef][0m[38;5;-24m[AndroidUiautomator2Driver@5220][0m Driver proxy active, passing request on via HTTP proxy
[38;5;120m[750e8fef][0m[38;5;-24m[AndroidUiautomator2Driver@5220][0m Replacing sessionId 8347120b-50b6-446c-a3b3-7f5763d14779 with 750e8fef-a500-4624-bb39-485a1254a41f
[38;5;120m[750e8fef][0m[38;5;86m[HTTP][0m [37m<-- GET /wd/hub/session/750e8fef-a500-4624-bb39-485a1254a41f/source [39m[32m200[39m [90m143 ms - 45294[39m [90m[39m
[38;5;120m[750e8fef][0m[38;5;86m[HTTP][0m [37m-->[39m [37mGET[39m [37m/wd/hub/session/750e8fef-a500-4624-bb39-485a1254a41f/screenshot[39m [90m{}[39m
[38;5;120m[750e8fef][0m[38;5;86m[HTTP][0m [37m<-- GET /wd/hub/session/750e8fef-a500-4624-bb39-485a1254a41f/screenshot [39m[32m200[39m [90m411 ms - 276780[39m [90m[39m
[38;5;120m[750e8fef][0m[38;5;86m[HTTP][0m [37m-->[39m [37mGET[39m [37m/wd/hub/session/750e8fef-a500-4624-bb39-485a1254a41f/source[39m [90m{}[39m
[38;5;120m[750e8fef][0m[38;5;-24m[AndroidUiautomator2Driver@5220][0m Driver proxy active, passing request on via HTTP proxy
[38;5;120m[750e8fef][0m[38;5;-24m[AndroidUiautomator2Driver@5220][0m Replacing sessionId 8347120b-50b6-446c-a3b3-7f5763d14779 with 750e8fef-a500-4624-bb39-485a1254a41f
[38;5;120m[750e8fef][0m[38;5;86m[HTTP][0m [37m<-- GET /wd/hub/session/750e8fef-a500-4624-bb39-485a1254a41f/source [39m[32m200[39m [90m157 ms - 42145[39m [90m[39m
[38;5;120m[750e8fef][0m[38;5;86m[HTTP][0m [37m-->[39m [37mGET[39m [37m/wd/hub/session/750e8fef-a500-4624-bb39-485a1254a41f/screenshot[39m [90m{}[39m
[38;5;120m[750e8fef][0m[38;5;86m[HTTP][0m [37m<-- GET /wd/hub/session/750e8fef-a500-4624-bb39-485a1254a41f/screenshot [39m[32m200[39m [90m461 ms - 259400[39m [90m[39m
[38;5;120m[750e8fef][0m[38;5;86m[HTTP][0m [37m-->[39m [37mGET[39m [37m/wd/hub/session/750e8fef-a500-4624-bb39-485a1254a41f/window/rect[39m [90m{}[39m
[38;5;120m[750e8fef][0m[38;5;86m[HTTP][0m [37m<-- GET /wd/hub/session/750e8fef-a500-4624-bb39-485a1254a41f/window/rect [39m[32m200[39m [90m11 ms - 50[39m [90m[39m
[38;5;120m[750e8fef][0m[38;5;86m[HTTP][0m [37m-->[39m [37mPOST[39m [37m/wd/hub/session/750e8fef-a500-4624-bb39-485a1254a41f/elements[39m [90m{"using":"xpath","value":"//*[@class = 'android.widget.TextView' and (@text = 'Your email address' or . = 'Your email address')]"}[39m
[38;5;120m[750e8fef][0m[38;5;86m[HTTP][0m [37m<-- POST /wd/hub/session/750e8fef-a500-4624-bb39-485a1254a41f/elements [39m[32m200[39m [90m176 ms - 139[39m [90m[39m
[38;5;120m[750e8fef][0m[38;5;86m[HTTP][0m [37m-->[39m [37mGET[39m [37m/wd/hub/session/750e8fef-a500-4624-bb39-485a1254a41f/element/00000000-0000-008a-0000-026000000048/location[39m [90m{}[39m
[38;5;120m[750e8fef][0m[38;5;-24m[AndroidUiautomator2Driver@5220][0m Driver proxy active, passing request on via HTTP proxy
[38;5;120m[750e8fef][0m[38;5;-24m[AndroidUiautomator2Driver@5220][0m Replacing sessionId 8347120b-50b6-446c-a3b3-7f5763d14779 with 750e8fef-a500-4624-bb39-485a1254a41f
[38;5;120m[750e8fef][0m[38;5;86m[HTTP][0m [37m<-- GET /wd/hub/session/750e8fef-a500-4624-bb39-485a1254a41f/element/00000000-0000-008a-0000-026000000048/location [39m[32m200[39m [90m18 ms - 77[39m [90m[39m
[38;5;120m[750e8fef][0m[38;5;86m[HTTP][0m [37m-->[39m [37mPOST[39m [37m/wd/hub/session/750e8fef-a500-4624-bb39-485a1254a41f/element/00000000-0000-008a-0000-026000000048/clear[39m [90m{"id":"00000000-0000-008a-0000-026000000048"}[39m
[38;5;120m[750e8fef][0m[38;5;86m[HTTP][0m [37m<-- POST /wd/hub/session/750e8fef-a500-4624-bb39-485a1254a41f/element/00000000-0000-008a-0000-026000000048/clear [39m[32m200[39m [90m29 ms - 14[39m [90m[39m
[38;5;120m[750e8fef][0m[38;5;86m[HTTP][0m [37m-->[39m [37mPOST[39m [37m/wd/hub/session/750e8fef-a500-4624-bb39-485a1254a41f/element/00000000-0000-008a-0000-026000000048/click[39m [90m{"id":"00000000-0000-008a-0000-026000000048"}[39m
[38;5;120m[750e8fef][0m[38;5;86m[HTTP][0m [37m<-- POST /wd/hub/session/750e8fef-a500-4624-bb39-485a1254a41f/element/00000000-0000-008a-0000-026000000048/click [39m[32m200[39m [90m82 ms - 14[39m [90m[39m
[38;5;120m[750e8fef][0m[38;5;86m[HTTP][0m [37m-->[39m [37mPOST[39m [37m/wd/hub/session/750e8fef-a500-4624-bb39-485a1254a41f/element/00000000-0000-008a-0000-026000000048/value[39m [90m{"id":"00000000-0000-008a-0000-026000000048","text":"nfitri2299@gmail.com","value":["n","f","i","t","r","i","2","2","9","9","@","g","m","a","i","l",".","c","o","m"]}[39m
[38;5;120m[750e8fef][0m[38;5;-24m[AndroidUiautomator2Driver@5220][0m Got response with status 400: {"sessionId":"8347120b-50b6-446c-a3b3-7f5763d14779","value":{"error":"invalid element state","message":"Cannot set the element to 'nfitri2299@gmail.com'. Did you interact with the correct element?","stacktrace":"io.appium.uiautomator2.common.exceptions.InvalidElementStateException: Cannot set the element to 'nfitri2299@gmail.com'. Did you interact with the correct element?\n\tat io.appium.uiautomator2.handler.SendKeysToElement.setText(SendKeysToElement.java:87)\n\tat io.appium.uiautomator2.handler.SendKeysToElement.safeHandle(SendKeysToElement.java:115)\n\tat io.appium.uiautomator2.handler.request.SafeRequestHandler.handle(SafeRequestHandler.java:59)\n\tat io.appium.uiautomator2.server.AppiumServlet.handleRequest(AppiumServlet.java:259)\n\tat io.appium.uiautomator2.server.AppiumServlet.handleHttpRequest(AppiumServlet.java:253)\n\tat io.appium.uiautomator2.http.ServerHandler.channelRead(ServerHandler.java:77)\n\tat io.netty.channel.AbstractChannelHandlerContext.invokeChannelRead(AbstractChannelHandlerContex...
[38;5;120m[750e8fef][0m[38;5;86m[HTTP][0m [37m<-- POST /wd/hub/session/750e8fef-a500-4624-bb39-485a1254a41f/element/00000000-0000-008a-0000-026000000048/value [39m[33m400[39m [90m87 ms - 3920[39m [90m[39m
[38;5;120m[750e8fef][0m[38;5;86m[HTTP][0m [37m-->[39m [37mGET[39m [37m/wd/hub/session/750e8fef-a500-4624-bb39-485a1254a41f/source[39m [90m{}[39m
[38;5;120m[750e8fef][0m[38;5;-24m[AndroidUiautomator2Driver@5220][0m Driver proxy active, passing request on via HTTP proxy
[38;5;120m[750e8fef][0m[38;5;-24m[AndroidUiautomator2Driver@5220][0m Replacing sessionId 8347120b-50b6-446c-a3b3-7f5763d14779 with 750e8fef-a500-4624-bb39-485a1254a41f
[38;5;120m[750e8fef][0m[38;5;86m[HTTP][0m [37m<-- GET /wd/hub/session/750e8fef-a500-4624-bb39-485a1254a41f/source [39m[32m200[39m [90m949 ms - 38979[39m [90m[39m
[38;5;120m[750e8fef][0m[38;5;86m[HTTP][0m [37m-->[39m [37mGET[39m [37m/wd/hub/session/750e8fef-a500-4624-bb39-485a1254a41f/screenshot[39m [90m{}[39m
[38;5;120m[750e8fef][0m[38;5;86m[HTTP][0m [37m<-- GET /wd/hub/session/750e8fef-a500-4624-bb39-485a1254a41f/screenshot [39m[32m200[39m [90m1470 ms - 246880[39m [90m[39m
[38;5;120m[750e8fef][0m[38;5;86m[HTTP][0m [37m-->[39m [37mGET[39m [37m/wd/hub/session/750e8fef-a500-4624-bb39-485a1254a41f/context[39m [90m{}[39m
[38;5;120m[750e8fef][0m[38;5;86m[HTTP][0m [37m<-- GET /wd/hub/session/750e8fef-a500-4624-bb39-485a1254a41f/context [39m[32m200[39m [90m1 ms - 22[39m [90m[39m
[38;5;120m[750e8fef][0m[38;5;86m[HTTP][0m [37m-->[39m [37mGET[39m [37m/wd/hub/session/750e8fef-a500-4624-bb39-485a1254a41f/contexts[39m [90m{}[39m
[38;5;120m[750e8fef][0m[38;5;86m[HTTP][0m [37m<-- GET /wd/hub/session/750e8fef-a500-4624-bb39-485a1254a41f/contexts [39m[32m200[39m [90m139 ms - 41[39m [90m[39m
[38;5;120m[750e8fef][0m[38;5;86m[HTTP][0m [37m-->[39m [37mPOST[39m [37m/wd/hub/session/750e8fef-a500-4624-bb39-485a1254a41f/context[39m [90m{"name":"NATIVE_APP"}[39m
[38;5;120m[750e8fef][0m[38;5;86m[HTTP][0m [37m<-- POST /wd/hub/session/750e8fef-a500-4624-bb39-485a1254a41f/context [39m[32m200[39m [90m1 ms - 14[39m [90m[39m
[38;5;120m[750e8fef][0m[38;5;86m[HTTP][0m [37m-->[39m [37mPOST[39m [37m/wd/hub/session/750e8fef-a500-4624-bb39-485a1254a41f/appium/device/hide_keyboard[39m [90m{}[39m
[38;5;120m[750e8fef][0m[38;5;86m[HTTP][0m [37m<-- POST /wd/hub/session/750e8fef-a500-4624-bb39-485a1254a41f/appium/device/hide_keyboard [39m[32m200[39m [90m1048 ms - 14[39m [90m[39m
[38;5;120m[750e8fef][0m[38;5;86m[HTTP][0m [37m-->[39m [37mPOST[39m [37m/wd/hub/session/750e8fef-a500-4624-bb39-485a1254a41f/context[39m [90m{"name":"NATIVE_APP"}[39m
[38;5;120m[750e8fef][0m[38;5;86m[HTTP][0m [37m<-- POST /wd/hub/session/750e8fef-a500-4624-bb39-485a1254a41f/context [39m[32m200[39m [90m1 ms - 14[39m [90m[39m
[38;5;120m[750e8fef][0m[38;5;86m[HTTP][0m [37m-->[39m [37mGET[39m [37m/wd/hub/session/750e8fef-a500-4624-bb39-485a1254a41f/source[39m [90m{}[39m
[38;5;120m[750e8fef][0m[38;5;-24m[AndroidUiautomator2Driver@5220][0m Driver proxy active, passing request on via HTTP proxy
[38;5;120m[750e8fef][0m[38;5;-24m[AndroidUiautomator2Driver@5220][0m Replacing sessionId 8347120b-50b6-446c-a3b3-7f5763d14779 with 750e8fef-a500-4624-bb39-485a1254a41f
[38;5;120m[750e8fef][0m[38;5;86m[HTTP][0m [37m<-- GET /wd/hub/session/750e8fef-a500-4624-bb39-485a1254a41f/source [39m[32m200[39m [90m153 ms - 42145[39m [90m[39m
[38;5;120m[750e8fef][0m[38;5;86m[HTTP][0m [37m-->[39m [37mGET[39m [37m/wd/hub/session/750e8fef-a500-4624-bb39-485a1254a41f/screenshot[39m [90m{}[39m
[38;5;120m[750e8fef][0m[38;5;86m[HTTP][0m [37m<-- GET /wd/hub/session/750e8fef-a500-4624-bb39-485a1254a41f/screenshot [39m[32m200[39m [90m506 ms - 258908[39m [90m[39m
[38;5;120m[750e8fef][0m[38;5;86m[HTTP][0m [37m-->[39m [37mDELETE[39m [37m/wd/hub/session/750e8fef-a500-4624-bb39-485a1254a41f[39m [90m{}[39m
[38;5;120m[750e8fef][0m[38;5;194m[AppiumDriver@61e2][0m Removing session 750e8fef-a500-4624-bb39-485a1254a41f from our master session list
[38;5;120m[750e8fef][0m[38;5;-24m[AndroidUiautomator2Driver@5220][0m Restoring hidden api policy to the device default configuration
[38;5;120m[750e8fef][0m[38;5;86m[HTTP][0m [37m<-- DELETE /wd/hub/session/750e8fef-a500-4624-bb39-485a1254a41f [39m[32m200[39m [90m643 ms - 14[39m [90m[39m
